<?xml version="1.0" encoding="UTF-8"?>
<testsuite name="ru.stqa.pft.addressbook.tests.GroupModificationTest" tests="1" skipped="0" failures="0" errors="0" timestamp="2020-10-28T00:21:48" hostname="ADEMIDIONOK-LT" time="1.564">
  <properties/>
  <testcase name="testGroupModification" classname="ru.stqa.pft.addressbook.tests.GroupModificationTest" time="1.564"/>
  <system-out><![CDATA[18:21:47.110 [Test worker] INFO  r.s.pft.addressbook.tests.TestBase - Start test testGroupModification with parameters []
Hibernate: select groupdata0_.group_id as group_id1_2_, groupdata0_.group_footer as group_fo2_2_, groupdata0_.group_header as group_he3_2_, groupdata0_.group_name as group_na4_2_ from group_list groupdata0_
Hibernate: select contacts0_.group_id as group_id3_0_0_, contacts0_.id as id1_0_0_, contactadd1_.id as id1_1_1_, contactadd1_.address as address2_1_1_, contactadd1_.address2 as address3_1_1_, contactadd1_.amonth as amonth4_1_1_, contactadd1_.ayear as ayear5_1_1_, contactadd1_.bmonth as bmonth6_1_1_, contactadd1_.byear as byear7_1_1_, contactadd1_.company as company8_1_1_, contactadd1_.email as email9_1_1_, contactadd1_.email2 as email10_1_1_, contactadd1_.email3 as email11_1_1_, contactadd1_.fax as fax12_1_1_, contactadd1_.firstName as firstna13_1_1_, contactadd1_.home as home14_1_1_, contactadd1_.homepage as homepag15_1_1_, contactadd1_.lastName as lastnam16_1_1_, contactadd1_.middleName as middlen17_1_1_, contactadd1_.mobile as mobile18_1_1_, contactadd1_.nickname as nicknam19_1_1_, contactadd1_.notes as notes20_1_1_, contactadd1_.phone2 as phone21_1_1_, contactadd1_.photo as photo22_1_1_, contactadd1_.title as title23_1_1_, contactadd1_.work as work24_1_1_ from address_in_groups contacts0_ inner join addressbook contactadd1_ on contacts0_.id=contactadd1_.id where contacts0_.group_id=?
Hibernate: select contacts0_.group_id as group_id3_0_0_, contacts0_.id as id1_0_0_, contactadd1_.id as id1_1_1_, contactadd1_.address as address2_1_1_, contactadd1_.address2 as address3_1_1_, contactadd1_.amonth as amonth4_1_1_, contactadd1_.ayear as ayear5_1_1_, contactadd1_.bmonth as bmonth6_1_1_, contactadd1_.byear as byear7_1_1_, contactadd1_.company as company8_1_1_, contactadd1_.email as email9_1_1_, contactadd1_.email2 as email10_1_1_, contactadd1_.email3 as email11_1_1_, contactadd1_.fax as fax12_1_1_, contactadd1_.firstName as firstna13_1_1_, contactadd1_.home as home14_1_1_, contactadd1_.homepage as homepag15_1_1_, contactadd1_.lastName as lastnam16_1_1_, contactadd1_.middleName as middlen17_1_1_, contactadd1_.mobile as mobile18_1_1_, contactadd1_.nickname as nicknam19_1_1_, contactadd1_.notes as notes20_1_1_, contactadd1_.phone2 as phone21_1_1_, contactadd1_.photo as photo22_1_1_, contactadd1_.title as title23_1_1_, contactadd1_.work as work24_1_1_ from address_in_groups contacts0_ inner join addressbook contactadd1_ on contacts0_.id=contactadd1_.id where contacts0_.group_id=?
Hibernate: select contacts0_.group_id as group_id3_0_0_, contacts0_.id as id1_0_0_, contactadd1_.id as id1_1_1_, contactadd1_.address as address2_1_1_, contactadd1_.address2 as address3_1_1_, contactadd1_.amonth as amonth4_1_1_, contactadd1_.ayear as ayear5_1_1_, contactadd1_.bmonth as bmonth6_1_1_, contactadd1_.byear as byear7_1_1_, contactadd1_.company as company8_1_1_, contactadd1_.email as email9_1_1_, contactadd1_.email2 as email10_1_1_, contactadd1_.email3 as email11_1_1_, contactadd1_.fax as fax12_1_1_, contactadd1_.firstName as firstna13_1_1_, contactadd1_.home as home14_1_1_, contactadd1_.homepage as homepag15_1_1_, contactadd1_.lastName as lastnam16_1_1_, contactadd1_.middleName as middlen17_1_1_, contactadd1_.mobile as mobile18_1_1_, contactadd1_.nickname as nicknam19_1_1_, contactadd1_.notes as notes20_1_1_, contactadd1_.phone2 as phone21_1_1_, contactadd1_.photo as photo22_1_1_, contactadd1_.title as title23_1_1_, contactadd1_.work as work24_1_1_ from address_in_groups contacts0_ inner join addressbook contactadd1_ on contacts0_.id=contactadd1_.id where contacts0_.group_id=?
Hibernate: select groups0_.id as id1_0_0_, groups0_.group_id as group_id3_0_0_, groupdata1_.group_id as group_id1_2_1_, groupdata1_.group_footer as group_fo2_2_1_, groupdata1_.group_header as group_he3_2_1_, groupdata1_.group_name as group_na4_2_1_ from address_in_groups groups0_ inner join group_list groupdata1_ on groups0_.group_id=groupdata1_.group_id where groups0_.id=?
Hibernate: select groups0_.id as id1_0_0_, groups0_.group_id as group_id3_0_0_, groupdata1_.group_id as group_id1_2_1_, groupdata1_.group_footer as group_fo2_2_1_, groupdata1_.group_header as group_he3_2_1_, groupdata1_.group_name as group_na4_2_1_ from address_in_groups groups0_ inner join group_list groupdata1_ on groups0_.group_id=groupdata1_.group_id where groups0_.id=?
Hibernate: select groups0_.id as id1_0_0_, groups0_.group_id as group_id3_0_0_, groupdata1_.group_id as group_id1_2_1_, groupdata1_.group_footer as group_fo2_2_1_, groupdata1_.group_header as group_he3_2_1_, groupdata1_.group_name as group_na4_2_1_ from address_in_groups groups0_ inner join group_list groupdata1_ on groups0_.group_id=groupdata1_.group_id where groups0_.id=?
Hibernate: select groupdata0_.group_id as group_id1_2_, groupdata0_.group_footer as group_fo2_2_, groupdata0_.group_header as group_he3_2_, groupdata0_.group_name as group_na4_2_ from group_list groupdata0_
Hibernate: select contacts0_.group_id as group_id3_0_0_, contacts0_.id as id1_0_0_, contactadd1_.id as id1_1_1_, contactadd1_.address as address2_1_1_, contactadd1_.address2 as address3_1_1_, contactadd1_.amonth as amonth4_1_1_, contactadd1_.ayear as ayear5_1_1_, contactadd1_.bmonth as bmonth6_1_1_, contactadd1_.byear as byear7_1_1_, contactadd1_.company as company8_1_1_, contactadd1_.email as email9_1_1_, contactadd1_.email2 as email10_1_1_, contactadd1_.email3 as email11_1_1_, contactadd1_.fax as fax12_1_1_, contactadd1_.firstName as firstna13_1_1_, contactadd1_.home as home14_1_1_, contactadd1_.homepage as homepag15_1_1_, contactadd1_.lastName as lastnam16_1_1_, contactadd1_.middleName as middlen17_1_1_, contactadd1_.mobile as mobile18_1_1_, contactadd1_.nickname as nicknam19_1_1_, contactadd1_.notes as notes20_1_1_, contactadd1_.phone2 as phone21_1_1_, contactadd1_.photo as photo22_1_1_, contactadd1_.title as title23_1_1_, contactadd1_.work as work24_1_1_ from address_in_groups contacts0_ inner join addressbook contactadd1_ on contacts0_.id=contactadd1_.id where contacts0_.group_id=?
Hibernate: select contacts0_.group_id as group_id3_0_0_, contacts0_.id as id1_0_0_, contactadd1_.id as id1_1_1_, contactadd1_.address as address2_1_1_, contactadd1_.address2 as address3_1_1_, contactadd1_.amonth as amonth4_1_1_, contactadd1_.ayear as ayear5_1_1_, contactadd1_.bmonth as bmonth6_1_1_, contactadd1_.byear as byear7_1_1_, contactadd1_.company as company8_1_1_, contactadd1_.email as email9_1_1_, contactadd1_.email2 as email10_1_1_, contactadd1_.email3 as email11_1_1_, contactadd1_.fax as fax12_1_1_, contactadd1_.firstName as firstna13_1_1_, contactadd1_.home as home14_1_1_, contactadd1_.homepage as homepag15_1_1_, contactadd1_.lastName as lastnam16_1_1_, contactadd1_.middleName as middlen17_1_1_, contactadd1_.mobile as mobile18_1_1_, contactadd1_.nickname as nicknam19_1_1_, contactadd1_.notes as notes20_1_1_, contactadd1_.phone2 as phone21_1_1_, contactadd1_.photo as photo22_1_1_, contactadd1_.title as title23_1_1_, contactadd1_.work as work24_1_1_ from address_in_groups contacts0_ inner join addressbook contactadd1_ on contacts0_.id=contactadd1_.id where contacts0_.group_id=?
Hibernate: select contacts0_.group_id as group_id3_0_0_, contacts0_.id as id1_0_0_, contactadd1_.id as id1_1_1_, contactadd1_.address as address2_1_1_, contactadd1_.address2 as address3_1_1_, contactadd1_.amonth as amonth4_1_1_, contactadd1_.ayear as ayear5_1_1_, contactadd1_.bmonth as bmonth6_1_1_, contactadd1_.byear as byear7_1_1_, contactadd1_.company as company8_1_1_, contactadd1_.email as email9_1_1_, contactadd1_.email2 as email10_1_1_, contactadd1_.email3 as email11_1_1_, contactadd1_.fax as fax12_1_1_, contactadd1_.firstName as firstna13_1_1_, contactadd1_.home as home14_1_1_, contactadd1_.homepage as homepag15_1_1_, contactadd1_.lastName as lastnam16_1_1_, contactadd1_.middleName as middlen17_1_1_, contactadd1_.mobile as mobile18_1_1_, contactadd1_.nickname as nicknam19_1_1_, contactadd1_.notes as notes20_1_1_, contactadd1_.phone2 as phone21_1_1_, contactadd1_.photo as photo22_1_1_, contactadd1_.title as title23_1_1_, contactadd1_.work as work24_1_1_ from address_in_groups contacts0_ inner join addressbook contactadd1_ on contacts0_.id=contactadd1_.id where contacts0_.group_id=?
Hibernate: select groups0_.id as id1_0_0_, groups0_.group_id as group_id3_0_0_, groupdata1_.group_id as group_id1_2_1_, groupdata1_.group_footer as group_fo2_2_1_, groupdata1_.group_header as group_he3_2_1_, groupdata1_.group_name as group_na4_2_1_ from address_in_groups groups0_ inner join group_list groupdata1_ on groups0_.group_id=groupdata1_.group_id where groups0_.id=?
Hibernate: select groups0_.id as id1_0_0_, groups0_.group_id as group_id3_0_0_, groupdata1_.group_id as group_id1_2_1_, groupdata1_.group_footer as group_fo2_2_1_, groupdata1_.group_header as group_he3_2_1_, groupdata1_.group_name as group_na4_2_1_ from address_in_groups groups0_ inner join group_list groupdata1_ on groups0_.group_id=groupdata1_.group_id where groups0_.id=?
Hibernate: select groups0_.id as id1_0_0_, groups0_.group_id as group_id3_0_0_, groupdata1_.group_id as group_id1_2_1_, groupdata1_.group_footer as group_fo2_2_1_, groupdata1_.group_header as group_he3_2_1_, groupdata1_.group_name as group_na4_2_1_ from address_in_groups groups0_ inner join group_list groupdata1_ on groups0_.group_id=groupdata1_.group_id where groups0_.id=?
Hibernate: select groupdata0_.group_id as group_id1_2_, groupdata0_.group_footer as group_fo2_2_, groupdata0_.group_header as group_he3_2_, groupdata0_.group_name as group_na4_2_ from group_list groupdata0_
Hibernate: select contacts0_.group_id as group_id3_0_0_, contacts0_.id as id1_0_0_, contactadd1_.id as id1_1_1_, contactadd1_.address as address2_1_1_, contactadd1_.address2 as address3_1_1_, contactadd1_.amonth as amonth4_1_1_, contactadd1_.ayear as ayear5_1_1_, contactadd1_.bmonth as bmonth6_1_1_, contactadd1_.byear as byear7_1_1_, contactadd1_.company as company8_1_1_, contactadd1_.email as email9_1_1_, contactadd1_.email2 as email10_1_1_, contactadd1_.email3 as email11_1_1_, contactadd1_.fax as fax12_1_1_, contactadd1_.firstName as firstna13_1_1_, contactadd1_.home as home14_1_1_, contactadd1_.homepage as homepag15_1_1_, contactadd1_.lastName as lastnam16_1_1_, contactadd1_.middleName as middlen17_1_1_, contactadd1_.mobile as mobile18_1_1_, contactadd1_.nickname as nicknam19_1_1_, contactadd1_.notes as notes20_1_1_, contactadd1_.phone2 as phone21_1_1_, contactadd1_.photo as photo22_1_1_, contactadd1_.title as title23_1_1_, contactadd1_.work as work24_1_1_ from address_in_groups contacts0_ inner join addressbook contactadd1_ on contacts0_.id=contactadd1_.id where contacts0_.group_id=?
Hibernate: select contacts0_.group_id as group_id3_0_0_, contacts0_.id as id1_0_0_, contactadd1_.id as id1_1_1_, contactadd1_.address as address2_1_1_, contactadd1_.address2 as address3_1_1_, contactadd1_.amonth as amonth4_1_1_, contactadd1_.ayear as ayear5_1_1_, contactadd1_.bmonth as bmonth6_1_1_, contactadd1_.byear as byear7_1_1_, contactadd1_.company as company8_1_1_, contactadd1_.email as email9_1_1_, contactadd1_.email2 as email10_1_1_, contactadd1_.email3 as email11_1_1_, contactadd1_.fax as fax12_1_1_, contactadd1_.firstName as firstna13_1_1_, contactadd1_.home as home14_1_1_, contactadd1_.homepage as homepag15_1_1_, contactadd1_.lastName as lastnam16_1_1_, contactadd1_.middleName as middlen17_1_1_, contactadd1_.mobile as mobile18_1_1_, contactadd1_.nickname as nicknam19_1_1_, contactadd1_.notes as notes20_1_1_, contactadd1_.phone2 as phone21_1_1_, contactadd1_.photo as photo22_1_1_, contactadd1_.title as title23_1_1_, contactadd1_.work as work24_1_1_ from address_in_groups contacts0_ inner join addressbook contactadd1_ on contacts0_.id=contactadd1_.id where contacts0_.group_id=?
Hibernate: select contacts0_.group_id as group_id3_0_0_, contacts0_.id as id1_0_0_, contactadd1_.id as id1_1_1_, contactadd1_.address as address2_1_1_, contactadd1_.address2 as address3_1_1_, contactadd1_.amonth as amonth4_1_1_, contactadd1_.ayear as ayear5_1_1_, contactadd1_.bmonth as bmonth6_1_1_, contactadd1_.byear as byear7_1_1_, contactadd1_.company as company8_1_1_, contactadd1_.email as email9_1_1_, contactadd1_.email2 as email10_1_1_, contactadd1_.email3 as email11_1_1_, contactadd1_.fax as fax12_1_1_, contactadd1_.firstName as firstna13_1_1_, contactadd1_.home as home14_1_1_, contactadd1_.homepage as homepag15_1_1_, contactadd1_.lastName as lastnam16_1_1_, contactadd1_.middleName as middlen17_1_1_, contactadd1_.mobile as mobile18_1_1_, contactadd1_.nickname as nicknam19_1_1_, contactadd1_.notes as notes20_1_1_, contactadd1_.phone2 as phone21_1_1_, contactadd1_.photo as photo22_1_1_, contactadd1_.title as title23_1_1_, contactadd1_.work as work24_1_1_ from address_in_groups contacts0_ inner join addressbook contactadd1_ on contacts0_.id=contactadd1_.id where contacts0_.group_id=?
Hibernate: select groups0_.id as id1_0_0_, groups0_.group_id as group_id3_0_0_, groupdata1_.group_id as group_id1_2_1_, groupdata1_.group_footer as group_fo2_2_1_, groupdata1_.group_header as group_he3_2_1_, groupdata1_.group_name as group_na4_2_1_ from address_in_groups groups0_ inner join group_list groupdata1_ on groups0_.group_id=groupdata1_.group_id where groups0_.id=?
Hibernate: select groups0_.id as id1_0_0_, groups0_.group_id as group_id3_0_0_, groupdata1_.group_id as group_id1_2_1_, groupdata1_.group_footer as group_fo2_2_1_, groupdata1_.group_header as group_he3_2_1_, groupdata1_.group_name as group_na4_2_1_ from address_in_groups groups0_ inner join group_list groupdata1_ on groups0_.group_id=groupdata1_.group_id where groups0_.id=?
Hibernate: select groups0_.id as id1_0_0_, groups0_.group_id as group_id3_0_0_, groupdata1_.group_id as group_id1_2_1_, groupdata1_.group_footer as group_fo2_2_1_, groupdata1_.group_header as group_he3_2_1_, groupdata1_.group_name as group_na4_2_1_ from address_in_groups groups0_ inner join group_list groupdata1_ on groups0_.group_id=groupdata1_.group_id where groups0_.id=?
18:21:49.808 [Test worker] INFO  r.s.pft.addressbook.tests.TestBase - Stop test testGroupModification
]]></system-out>
  <system-err><![CDATA[]]></system-err>
</testsuite>
