<?xml version="1.0" encoding="UTF-8"?>
<testsuite name="ru.stqa.pft.addressbook.tests.ContactAddressBookDeletionTests" tests="1" skipped="0" failures="0" errors="0" timestamp="2020-10-05T04:41:55" hostname="ADEMIDIONOK-LT" time="2.481">
  <properties/>
  <testcase name="testContactAddressBookDeletion" classname="ru.stqa.pft.addressbook.tests.ContactAddressBookDeletionTests" time="2.481"/>
  <system-out><![CDATA[22:41:55.175 [Test worker] INFO  r.s.pft.addressbook.tests.TestBase - Start test testContactAddressBookDeletion with parameters []
Hibernate: select contactadd0_.id as id1_0_, contactadd0_.address as address2_0_, contactadd0_.address2 as address3_0_, contactadd0_.amonth as amonth4_0_, contactadd0_.ayear as ayear5_0_, contactadd0_.bmonth as bmonth6_0_, contactadd0_.byear as byear7_0_, contactadd0_.company as company8_0_, contactadd0_.email as email9_0_, contactadd0_.email2 as email10_0_, contactadd0_.email3 as email11_0_, contactadd0_.fax as fax12_0_, contactadd0_.firstName as firstna13_0_, contactadd0_.home as home14_0_, contactadd0_.homepage as homepag15_0_, contactadd0_.lastName as lastnam16_0_, contactadd0_.middleName as middlen17_0_, contactadd0_.mobile as mobile18_0_, contactadd0_.nickname as nicknam19_0_, contactadd0_.notes as notes20_0_, contactadd0_.phone2 as phone21_0_, contactadd0_.photo as photo22_0_, contactadd0_.title as title23_0_, contactadd0_.work as work24_0_ from addressbook contactadd0_
Hibernate: select contactadd0_.id as id1_0_, contactadd0_.address as address2_0_, contactadd0_.address2 as address3_0_, contactadd0_.amonth as amonth4_0_, contactadd0_.ayear as ayear5_0_, contactadd0_.bmonth as bmonth6_0_, contactadd0_.byear as byear7_0_, contactadd0_.company as company8_0_, contactadd0_.email as email9_0_, contactadd0_.email2 as email10_0_, contactadd0_.email3 as email11_0_, contactadd0_.fax as fax12_0_, contactadd0_.firstName as firstna13_0_, contactadd0_.home as home14_0_, contactadd0_.homepage as homepag15_0_, contactadd0_.lastName as lastnam16_0_, contactadd0_.middleName as middlen17_0_, contactadd0_.mobile as mobile18_0_, contactadd0_.nickname as nicknam19_0_, contactadd0_.notes as notes20_0_, contactadd0_.phone2 as phone21_0_, contactadd0_.photo as photo22_0_, contactadd0_.title as title23_0_, contactadd0_.work as work24_0_ from addressbook contactadd0_
Hibernate: select contactadd0_.id as id1_0_, contactadd0_.address as address2_0_, contactadd0_.address2 as address3_0_, contactadd0_.amonth as amonth4_0_, contactadd0_.ayear as ayear5_0_, contactadd0_.bmonth as bmonth6_0_, contactadd0_.byear as byear7_0_, contactadd0_.company as company8_0_, contactadd0_.email as email9_0_, contactadd0_.email2 as email10_0_, contactadd0_.email3 as email11_0_, contactadd0_.fax as fax12_0_, contactadd0_.firstName as firstna13_0_, contactadd0_.home as home14_0_, contactadd0_.homepage as homepag15_0_, contactadd0_.lastName as lastnam16_0_, contactadd0_.middleName as middlen17_0_, contactadd0_.mobile as mobile18_0_, contactadd0_.nickname as nicknam19_0_, contactadd0_.notes as notes20_0_, contactadd0_.phone2 as phone21_0_, contactadd0_.photo as photo22_0_, contactadd0_.title as title23_0_, contactadd0_.work as work24_0_ from addressbook contactadd0_
Hibernate: select contactadd0_.id as id1_0_, contactadd0_.address as address2_0_, contactadd0_.address2 as address3_0_, contactadd0_.amonth as amonth4_0_, contactadd0_.ayear as ayear5_0_, contactadd0_.bmonth as bmonth6_0_, contactadd0_.byear as byear7_0_, contactadd0_.company as company8_0_, contactadd0_.email as email9_0_, contactadd0_.email2 as email10_0_, contactadd0_.email3 as email11_0_, contactadd0_.fax as fax12_0_, contactadd0_.firstName as firstna13_0_, contactadd0_.home as home14_0_, contactadd0_.homepage as homepag15_0_, contactadd0_.lastName as lastnam16_0_, contactadd0_.middleName as middlen17_0_, contactadd0_.mobile as mobile18_0_, contactadd0_.nickname as nicknam19_0_, contactadd0_.notes as notes20_0_, contactadd0_.phone2 as phone21_0_, contactadd0_.photo as photo22_0_, contactadd0_.title as title23_0_, contactadd0_.work as work24_0_ from addressbook contactadd0_
Hibernate: select contactadd0_.id as id1_0_, contactadd0_.address as address2_0_, contactadd0_.address2 as address3_0_, contactadd0_.amonth as amonth4_0_, contactadd0_.ayear as ayear5_0_, contactadd0_.bmonth as bmonth6_0_, contactadd0_.byear as byear7_0_, contactadd0_.company as company8_0_, contactadd0_.email as email9_0_, contactadd0_.email2 as email10_0_, contactadd0_.email3 as email11_0_, contactadd0_.fax as fax12_0_, contactadd0_.firstName as firstna13_0_, contactadd0_.home as home14_0_, contactadd0_.homepage as homepag15_0_, contactadd0_.lastName as lastnam16_0_, contactadd0_.middleName as middlen17_0_, contactadd0_.mobile as mobile18_0_, contactadd0_.nickname as nicknam19_0_, contactadd0_.notes as notes20_0_, contactadd0_.phone2 as phone21_0_, contactadd0_.photo as photo22_0_, contactadd0_.title as title23_0_, contactadd0_.work as work24_0_ from addressbook contactadd0_
22:41:58.061 [Test worker] INFO  r.s.pft.addressbook.tests.TestBase - Stop test testContactAddressBookDeletion
]]></system-out>
  <system-err><![CDATA[]]></system-err>
</testsuite>
