<?xml version="1.0" encoding="UTF-8"?>
<testsuite name="ru.stqa.pft.rest.RestTests" tests="1" skipped="0" failures="1" errors="0" timestamp="2020-10-21T19:45:37" hostname="ADEMIDIONOK-LT" time="35.174">
  <properties/>
  <testcase name="testCreateIssue" classname="ru.stqa.pft.rest.RestTests" time="35.174">
    <failure message="java.lang.AssertionError: Sets differ: expected [ru.stqa.pft.rest.Issue@68c11cbf, ru.stqa.pft.rest.Issue@a4556c00, ru.stqa.pft.rest.Issue@723de445, ru.stqa.pft.rest.Issue@7e6a3036, ru.stqa.pft.rest.Issue@6f8ca520, ru.stqa.pft.rest.Issue@68c137c6, ru.stqa.pft.rest.Issue@6f8ca8e1, ru.stqa.pft.rest.Issue@68c13b87, ru.stqa.pft.rest.Issue@a0f5b647, ru.stqa.pft.rest.Issue@6f8caca2, ru.stqa.pft.rest.Issue@8423a7b4, ru.stqa.pft.rest.Issue@da4aa4fc, ru.stqa.pft.rest.Issue@8423ab75, ru.stqa.pft.rest.Issue@8423af36, ru.stqa.pft.rest.Issue@8423b2f7, ru.stqa.pft.rest.Issue@6d0e9e, ru.stqa.pft.rest.Issue@a766838f, ru.stqa.pft.rest.Issue@a7668750, ru.stqa.pft.rest.Issue@6f7fda8, ru.stqa.pft.rest.Issue@a7668b11, ru.stqa.pft.rest.Issue@a7668ed2, ru.stqa.pft.rest.Issue@d43592b6, ru.stqa.pft.rest.Issue@a7669293, ru.stqa.pft.rest.Issue@f97363a, ru.stqa.pft.rest.Issue@a7669654, ru.stqa.pft.rest.Issue@a7669a15, ru.stqa.pft.rest.Issue@52c6ef6, ru.stqa.pft.rest.Issue@a7669dd6, ru.stqa.pft.rest.Issue@f97417d, ru.stqa.pft.rest.Issue@313ea17f, ru.stqa.pft.rest.Issue@f97455d, ru.stqa.pft.rest.Issue@313ea540, ru.stqa.pft.rest.Issue@bb38035f, ru.stqa.pft.rest.Issue@1992e26f, ru.stqa.pft.rest.Issue@9eb8ba6c, ru.stqa.pft.rest.Issue@9eb8be2d, ru.stqa.pft.rest.Issue@9eb8c1ee, ru.stqa.pft.rest.Issue@811b831b, ru.stqa.pft.rest.Issue@9ddf7427, ru.stqa.pft.rest.Issue@9ddf77e8, ru.stqa.pft.rest.Issue@9ddf7ba9, ru.stqa.pft.rest.Issue@2a753d20, ru.stqa.pft.rest.Issue@5652844c, ru.stqa.pft.rest.Issue@777a2d57, ru.stqa.pft.rest.Issue@710d7e40, ru.stqa.pft.rest.Issue@710d8201, ru.stqa.pft.rest.Issue@710d85c2, ru.stqa.pft.rest.Issue@5c97cf, ru.stqa.pft.rest.Issue@710d89e3, ru.stqa.pft.rest.Issue@5c9b90, ru.stqa.pft.rest.Issue@710d8da4, ru.stqa.pft.rest.Issue@710d9165, ru.stqa.pft.rest.Issue@710d9526, ru.stqa.pft.rest.Issue@443d6cca, ru.stqa.pft.rest.Issue@710d98e7, ru.stqa.pft.rest.Issue@710d9ca8, ru.stqa.pft.rest.Issue@710da089, ru.stqa.pft.rest.Issue@710da44a, ru.stqa.pft.rest.Issue@f3ab89ce, ru.stqa.pft.rest.Issue@46b5334, ru.stqa.pft.rest.Issue@710da80b, ru.stqa.pft.rest.Issue@92563335, ru.stqa.pft.rest.Issue@710dabcc, ru.stqa.pft.rest.Issue@710dafad, ru.stqa.pft.rest.Issue@710db36e, ru.stqa.pft.rest.Issue@5ca3bf19, ru.stqa.pft.rest.Issue@53d5b2da, ru.stqa.pft.rest.Issue@710db72f, ru.stqa.pft.rest.Issue@705f7db, ru.stqa.pft.rest.Issue@1decc2bb, ru.stqa.pft.rest.Issue@5fd332de, ru.stqa.pft.rest.Issue@dfd036d1, ru.stqa.pft.rest.Issue@64fbe646, ru.stqa.pft.rest.Issue@5f281457, ru.stqa.pft.rest.Issue@5f281818, ru.stqa.pft.rest.Issue@5f281bd9, ru.stqa.pft.rest.Issue@519486, ru.stqa.pft.rest.Issue@8274bd81, ru.stqa.pft.rest.Issue@60e660d, ru.stqa.pft.rest.Issue@888b5466, ru.stqa.pft.rest.Issue@317756fa, ru.stqa.pft.rest.Issue@ab60efb, ru.stqa.pft.rest.Issue@31775abb, ru.stqa.pft.rest.Issue@f8ac387f, ru.stqa.pft.rest.Issue@b6aa324, ru.stqa.pft.rest.Issue@40f89dbf, ru.stqa.pft.rest.Issue@40f8a180, ru.stqa.pft.rest.Issue@a4a7e6c3, ru.stqa.pft.rest.Issue@e6777407, ru.stqa.pft.rest.Issue@e6777b89, ru.stqa.pft.rest.Issue@ce3c238a, ru.stqa.pft.rest.Issue@330aaacb, ru.stqa.pft.rest.Issue@aa812bdb, ru.stqa.pft.rest.Issue@ed0b1b4f, ru.stqa.pft.rest.Issue@aa812f9c, ru.stqa.pft.rest.Issue@544f63, ru.stqa.pft.rest.Issue@d2eb8e87, ru.stqa.pft.rest.Issue@fa925ba0, ru.stqa.pft.rest.Issue@fa934081, ru.stqa.pft.rest.Issue@ea94f7d5, ru.stqa.pft.rest.Issue@68b1274a] but got [ru.stqa.pft.rest.Issue@68c11cbf, ru.stqa.pft.rest.Issue@a4556c00, ru.stqa.pft.rest.Issue@723de445, ru.stqa.pft.rest.Issue@7e6a3036, ru.stqa.pft.rest.Issue@6f8ca520, ru.stqa.pft.rest.Issue@68c137c6, ru.stqa.pft.rest.Issue@6f8ca8e1, ru.stqa.pft.rest.Issue@68c13b87, ru.stqa.pft.rest.Issue@a0f5b647, ru.stqa.pft.rest.Issue@6f8caca2, ru.stqa.pft.rest.Issue@8423a7b4, ru.stqa.pft.rest.Issue@da4aa4fc, ru.stqa.pft.rest.Issue@8423ab75, ru.stqa.pft.rest.Issue@8423af36, ru.stqa.pft.rest.Issue@8423b2f7, ru.stqa.pft.rest.Issue@6d0e9e, ru.stqa.pft.rest.Issue@a766838f, ru.stqa.pft.rest.Issue@a7668750, ru.stqa.pft.rest.Issue@6f7fda8, ru.stqa.pft.rest.Issue@a7668b11, ru.stqa.pft.rest.Issue@a7668ed2, ru.stqa.pft.rest.Issue@d43592b6, ru.stqa.pft.rest.Issue@a7669293, ru.stqa.pft.rest.Issue@f97363a, ru.stqa.pft.rest.Issue@a7669654, ru.stqa.pft.rest.Issue@a7669a15, ru.stqa.pft.rest.Issue@52c6ef6, ru.stqa.pft.rest.Issue@a7669dd6, ru.stqa.pft.rest.Issue@f97417d, ru.stqa.pft.rest.Issue@313ea17f, ru.stqa.pft.rest.Issue@f97455d, ru.stqa.pft.rest.Issue@313ea540, ru.stqa.pft.rest.Issue@bb38035f, ru.stqa.pft.rest.Issue@1992e26f, ru.stqa.pft.rest.Issue@9eb8ba6c, ru.stqa.pft.rest.Issue@9eb8be2d, ru.stqa.pft.rest.Issue@9eb8c1ee, ru.stqa.pft.rest.Issue@811b831b, ru.stqa.pft.rest.Issue@9ddf7427, ru.stqa.pft.rest.Issue@9ddf77e8, ru.stqa.pft.rest.Issue@9ddf7ba9, ru.stqa.pft.rest.Issue@2a753d20, ru.stqa.pft.rest.Issue@5652844c, ru.stqa.pft.rest.Issue@777a2d57, ru.stqa.pft.rest.Issue@710d7e40, ru.stqa.pft.rest.Issue@710d8201, ru.stqa.pft.rest.Issue@710d85c2, ru.stqa.pft.rest.Issue@5c97cf, ru.stqa.pft.rest.Issue@710d89e3, ru.stqa.pft.rest.Issue@5c9b90, ru.stqa.pft.rest.Issue@710d8da4, ru.stqa.pft.rest.Issue@710d9165, ru.stqa.pft.rest.Issue@710d9526, ru.stqa.pft.rest.Issue@443d6cca, ru.stqa.pft.rest.Issue@710d98e7, ru.stqa.pft.rest.Issue@710d9ca8, ru.stqa.pft.rest.Issue@710da089, ru.stqa.pft.rest.Issue@710da44a, ru.stqa.pft.rest.Issue@f3ab89ce, ru.stqa.pft.rest.Issue@46b5334, ru.stqa.pft.rest.Issue@710da80b, ru.stqa.pft.rest.Issue@92563335, ru.stqa.pft.rest.Issue@710dabcc, ru.stqa.pft.rest.Issue@710dafad, ru.stqa.pft.rest.Issue@710db36e, ru.stqa.pft.rest.Issue@5ca3bf19, ru.stqa.pft.rest.Issue@53d5b2da, ru.stqa.pft.rest.Issue@710db72f, ru.stqa.pft.rest.Issue@705f7db, ru.stqa.pft.rest.Issue@1decc2bb, ru.stqa.pft.rest.Issue@5fd332de, ru.stqa.pft.rest.Issue@dfd036d1, ru.stqa.pft.rest.Issue@64fbe646, ru.stqa.pft.rest.Issue@5f281457, ru.stqa.pft.rest.Issue@5f281818, ru.stqa.pft.rest.Issue@5f281bd9, ru.stqa.pft.rest.Issue@519486, ru.stqa.pft.rest.Issue@8274bd81, ru.stqa.pft.rest.Issue@60e660d, ru.stqa.pft.rest.Issue@888b5466, ru.stqa.pft.rest.Issue@317756fa, ru.stqa.pft.rest.Issue@ab60efb, ru.stqa.pft.rest.Issue@31775abb, ru.stqa.pft.rest.Issue@f8ac387f, ru.stqa.pft.rest.Issue@b6aa324, ru.stqa.pft.rest.Issue@40f89dbf, ru.stqa.pft.rest.Issue@40f8a180, ru.stqa.pft.rest.Issue@a4a7e6c3, ru.stqa.pft.rest.Issue@e6777407, ru.stqa.pft.rest.Issue@e6777b89, ru.stqa.pft.rest.Issue@ce3c238a, ru.stqa.pft.rest.Issue@330aaacb, ru.stqa.pft.rest.Issue@aa812bdb, ru.stqa.pft.rest.Issue@ed0b1b4f, ru.stqa.pft.rest.Issue@aa812f9c, ru.stqa.pft.rest.Issue@544f63, ru.stqa.pft.rest.Issue@d2eb8e87, ru.stqa.pft.rest.Issue@fa925ba0, ru.stqa.pft.rest.Issue@fa934081, ru.stqa.pft.rest.Issue@ea94f7d5]" type="java.lang.AssertionError">java.lang.AssertionError: Sets differ: expected [ru.stqa.pft.rest.Issue@68c11cbf, ru.stqa.pft.rest.Issue@a4556c00, ru.stqa.pft.rest.Issue@723de445, ru.stqa.pft.rest.Issue@7e6a3036, ru.stqa.pft.rest.Issue@6f8ca520, ru.stqa.pft.rest.Issue@68c137c6, ru.stqa.pft.rest.Issue@6f8ca8e1, ru.stqa.pft.rest.Issue@68c13b87, ru.stqa.pft.rest.Issue@a0f5b647, ru.stqa.pft.rest.Issue@6f8caca2, ru.stqa.pft.rest.Issue@8423a7b4, ru.stqa.pft.rest.Issue@da4aa4fc, ru.stqa.pft.rest.Issue@8423ab75, ru.stqa.pft.rest.Issue@8423af36, ru.stqa.pft.rest.Issue@8423b2f7, ru.stqa.pft.rest.Issue@6d0e9e, ru.stqa.pft.rest.Issue@a766838f, ru.stqa.pft.rest.Issue@a7668750, ru.stqa.pft.rest.Issue@6f7fda8, ru.stqa.pft.rest.Issue@a7668b11, ru.stqa.pft.rest.Issue@a7668ed2, ru.stqa.pft.rest.Issue@d43592b6, ru.stqa.pft.rest.Issue@a7669293, ru.stqa.pft.rest.Issue@f97363a, ru.stqa.pft.rest.Issue@a7669654, ru.stqa.pft.rest.Issue@a7669a15, ru.stqa.pft.rest.Issue@52c6ef6, ru.stqa.pft.rest.Issue@a7669dd6, ru.stqa.pft.rest.Issue@f97417d, ru.stqa.pft.rest.Issue@313ea17f, ru.stqa.pft.rest.Issue@f97455d, ru.stqa.pft.rest.Issue@313ea540, ru.stqa.pft.rest.Issue@bb38035f, ru.stqa.pft.rest.Issue@1992e26f, ru.stqa.pft.rest.Issue@9eb8ba6c, ru.stqa.pft.rest.Issue@9eb8be2d, ru.stqa.pft.rest.Issue@9eb8c1ee, ru.stqa.pft.rest.Issue@811b831b, ru.stqa.pft.rest.Issue@9ddf7427, ru.stqa.pft.rest.Issue@9ddf77e8, ru.stqa.pft.rest.Issue@9ddf7ba9, ru.stqa.pft.rest.Issue@2a753d20, ru.stqa.pft.rest.Issue@5652844c, ru.stqa.pft.rest.Issue@777a2d57, ru.stqa.pft.rest.Issue@710d7e40, ru.stqa.pft.rest.Issue@710d8201, ru.stqa.pft.rest.Issue@710d85c2, ru.stqa.pft.rest.Issue@5c97cf, ru.stqa.pft.rest.Issue@710d89e3, ru.stqa.pft.rest.Issue@5c9b90, ru.stqa.pft.rest.Issue@710d8da4, ru.stqa.pft.rest.Issue@710d9165, ru.stqa.pft.rest.Issue@710d9526, ru.stqa.pft.rest.Issue@443d6cca, ru.stqa.pft.rest.Issue@710d98e7, ru.stqa.pft.rest.Issue@710d9ca8, ru.stqa.pft.rest.Issue@710da089, ru.stqa.pft.rest.Issue@710da44a, ru.stqa.pft.rest.Issue@f3ab89ce, ru.stqa.pft.rest.Issue@46b5334, ru.stqa.pft.rest.Issue@710da80b, ru.stqa.pft.rest.Issue@92563335, ru.stqa.pft.rest.Issue@710dabcc, ru.stqa.pft.rest.Issue@710dafad, ru.stqa.pft.rest.Issue@710db36e, ru.stqa.pft.rest.Issue@5ca3bf19, ru.stqa.pft.rest.Issue@53d5b2da, ru.stqa.pft.rest.Issue@710db72f, ru.stqa.pft.rest.Issue@705f7db, ru.stqa.pft.rest.Issue@1decc2bb, ru.stqa.pft.rest.Issue@5fd332de, ru.stqa.pft.rest.Issue@dfd036d1, ru.stqa.pft.rest.Issue@64fbe646, ru.stqa.pft.rest.Issue@5f281457, ru.stqa.pft.rest.Issue@5f281818, ru.stqa.pft.rest.Issue@5f281bd9, ru.stqa.pft.rest.Issue@519486, ru.stqa.pft.rest.Issue@8274bd81, ru.stqa.pft.rest.Issue@60e660d, ru.stqa.pft.rest.Issue@888b5466, ru.stqa.pft.rest.Issue@317756fa, ru.stqa.pft.rest.Issue@ab60efb, ru.stqa.pft.rest.Issue@31775abb, ru.stqa.pft.rest.Issue@f8ac387f, ru.stqa.pft.rest.Issue@b6aa324, ru.stqa.pft.rest.Issue@40f89dbf, ru.stqa.pft.rest.Issue@40f8a180, ru.stqa.pft.rest.Issue@a4a7e6c3, ru.stqa.pft.rest.Issue@e6777407, ru.stqa.pft.rest.Issue@e6777b89, ru.stqa.pft.rest.Issue@ce3c238a, ru.stqa.pft.rest.Issue@330aaacb, ru.stqa.pft.rest.Issue@aa812bdb, ru.stqa.pft.rest.Issue@ed0b1b4f, ru.stqa.pft.rest.Issue@aa812f9c, ru.stqa.pft.rest.Issue@544f63, ru.stqa.pft.rest.Issue@d2eb8e87, ru.stqa.pft.rest.Issue@fa925ba0, ru.stqa.pft.rest.Issue@fa934081, ru.stqa.pft.rest.Issue@ea94f7d5, ru.stqa.pft.rest.Issue@68b1274a] but got [ru.stqa.pft.rest.Issue@68c11cbf, ru.stqa.pft.rest.Issue@a4556c00, ru.stqa.pft.rest.Issue@723de445, ru.stqa.pft.rest.Issue@7e6a3036, ru.stqa.pft.rest.Issue@6f8ca520, ru.stqa.pft.rest.Issue@68c137c6, ru.stqa.pft.rest.Issue@6f8ca8e1, ru.stqa.pft.rest.Issue@68c13b87, ru.stqa.pft.rest.Issue@a0f5b647, ru.stqa.pft.rest.Issue@6f8caca2, ru.stqa.pft.rest.Issue@8423a7b4, ru.stqa.pft.rest.Issue@da4aa4fc, ru.stqa.pft.rest.Issue@8423ab75, ru.stqa.pft.rest.Issue@8423af36, ru.stqa.pft.rest.Issue@8423b2f7, ru.stqa.pft.rest.Issue@6d0e9e, ru.stqa.pft.rest.Issue@a766838f, ru.stqa.pft.rest.Issue@a7668750, ru.stqa.pft.rest.Issue@6f7fda8, ru.stqa.pft.rest.Issue@a7668b11, ru.stqa.pft.rest.Issue@a7668ed2, ru.stqa.pft.rest.Issue@d43592b6, ru.stqa.pft.rest.Issue@a7669293, ru.stqa.pft.rest.Issue@f97363a, ru.stqa.pft.rest.Issue@a7669654, ru.stqa.pft.rest.Issue@a7669a15, ru.stqa.pft.rest.Issue@52c6ef6, ru.stqa.pft.rest.Issue@a7669dd6, ru.stqa.pft.rest.Issue@f97417d, ru.stqa.pft.rest.Issue@313ea17f, ru.stqa.pft.rest.Issue@f97455d, ru.stqa.pft.rest.Issue@313ea540, ru.stqa.pft.rest.Issue@bb38035f, ru.stqa.pft.rest.Issue@1992e26f, ru.stqa.pft.rest.Issue@9eb8ba6c, ru.stqa.pft.rest.Issue@9eb8be2d, ru.stqa.pft.rest.Issue@9eb8c1ee, ru.stqa.pft.rest.Issue@811b831b, ru.stqa.pft.rest.Issue@9ddf7427, ru.stqa.pft.rest.Issue@9ddf77e8, ru.stqa.pft.rest.Issue@9ddf7ba9, ru.stqa.pft.rest.Issue@2a753d20, ru.stqa.pft.rest.Issue@5652844c, ru.stqa.pft.rest.Issue@777a2d57, ru.stqa.pft.rest.Issue@710d7e40, ru.stqa.pft.rest.Issue@710d8201, ru.stqa.pft.rest.Issue@710d85c2, ru.stqa.pft.rest.Issue@5c97cf, ru.stqa.pft.rest.Issue@710d89e3, ru.stqa.pft.rest.Issue@5c9b90, ru.stqa.pft.rest.Issue@710d8da4, ru.stqa.pft.rest.Issue@710d9165, ru.stqa.pft.rest.Issue@710d9526, ru.stqa.pft.rest.Issue@443d6cca, ru.stqa.pft.rest.Issue@710d98e7, ru.stqa.pft.rest.Issue@710d9ca8, ru.stqa.pft.rest.Issue@710da089, ru.stqa.pft.rest.Issue@710da44a, ru.stqa.pft.rest.Issue@f3ab89ce, ru.stqa.pft.rest.Issue@46b5334, ru.stqa.pft.rest.Issue@710da80b, ru.stqa.pft.rest.Issue@92563335, ru.stqa.pft.rest.Issue@710dabcc, ru.stqa.pft.rest.Issue@710dafad, ru.stqa.pft.rest.Issue@710db36e, ru.stqa.pft.rest.Issue@5ca3bf19, ru.stqa.pft.rest.Issue@53d5b2da, ru.stqa.pft.rest.Issue@710db72f, ru.stqa.pft.rest.Issue@705f7db, ru.stqa.pft.rest.Issue@1decc2bb, ru.stqa.pft.rest.Issue@5fd332de, ru.stqa.pft.rest.Issue@dfd036d1, ru.stqa.pft.rest.Issue@64fbe646, ru.stqa.pft.rest.Issue@5f281457, ru.stqa.pft.rest.Issue@5f281818, ru.stqa.pft.rest.Issue@5f281bd9, ru.stqa.pft.rest.Issue@519486, ru.stqa.pft.rest.Issue@8274bd81, ru.stqa.pft.rest.Issue@60e660d, ru.stqa.pft.rest.Issue@888b5466, ru.stqa.pft.rest.Issue@317756fa, ru.stqa.pft.rest.Issue@ab60efb, ru.stqa.pft.rest.Issue@31775abb, ru.stqa.pft.rest.Issue@f8ac387f, ru.stqa.pft.rest.Issue@b6aa324, ru.stqa.pft.rest.Issue@40f89dbf, ru.stqa.pft.rest.Issue@40f8a180, ru.stqa.pft.rest.Issue@a4a7e6c3, ru.stqa.pft.rest.Issue@e6777407, ru.stqa.pft.rest.Issue@e6777b89, ru.stqa.pft.rest.Issue@ce3c238a, ru.stqa.pft.rest.Issue@330aaacb, ru.stqa.pft.rest.Issue@aa812bdb, ru.stqa.pft.rest.Issue@ed0b1b4f, ru.stqa.pft.rest.Issue@aa812f9c, ru.stqa.pft.rest.Issue@544f63, ru.stqa.pft.rest.Issue@d2eb8e87, ru.stqa.pft.rest.Issue@fa925ba0, ru.stqa.pft.rest.Issue@fa934081, ru.stqa.pft.rest.Issue@ea94f7d5]
	at org.testng.Assert.fail(Assert.java:97)
	at org.testng.Assert.assertEquals(Assert.java:1266)
	at org.testng.Assert.assertEquals(Assert.java:1246)
	at ru.stqa.pft.rest.RestTests.testCreateIssue(RestTests.java:27)
	at sun.reflect.NativeMethodAccessorImpl.invoke0(Native Method)
	at sun.reflect.NativeMethodAccessorImpl.invoke(NativeMethodAccessorImpl.java:62)
	at sun.reflect.DelegatingMethodAccessorImpl.invoke(DelegatingMethodAccessorImpl.java:43)
	at java.lang.reflect.Method.invoke(Method.java:498)
	at org.testng.internal.MethodInvocationHelper.invokeMethod(MethodInvocationHelper.java:134)
	at org.testng.internal.TestInvoker.invokeMethod(TestInvoker.java:597)
	at org.testng.internal.TestInvoker.invokeTestMethod(TestInvoker.java:173)
	at org.testng.internal.MethodRunner.runInSequence(MethodRunner.java:46)
	at org.testng.internal.TestInvoker$MethodInvocationAgent.invoke(TestInvoker.java:816)
	at org.testng.internal.TestInvoker.invokeTestMethods(TestInvoker.java:146)
	at org.testng.internal.TestMethodWorker.invokeTestMethods(TestMethodWorker.java:146)
	at org.testng.internal.TestMethodWorker.run(TestMethodWorker.java:128)
	at java.util.ArrayList.forEach(ArrayList.java:1257)
	at org.testng.TestRunner.privateRun(TestRunner.java:766)
	at org.testng.TestRunner.run(TestRunner.java:587)
	at org.testng.SuiteRunner.runTest(SuiteRunner.java:384)
	at org.testng.SuiteRunner.runSequentially(SuiteRunner.java:378)
	at org.testng.SuiteRunner.privateRun(SuiteRunner.java:337)
	at org.testng.SuiteRunner.run(SuiteRunner.java:286)
	at org.testng.SuiteRunnerWorker.runSuite(SuiteRunnerWorker.java:53)
	at org.testng.SuiteRunnerWorker.run(SuiteRunnerWorker.java:96)
	at org.testng.TestNG.runSuitesSequentially(TestNG.java:1187)
	at org.testng.TestNG.runSuitesLocally(TestNG.java:1109)
	at org.testng.TestNG.runSuites(TestNG.java:1039)
	at org.testng.TestNG.run(TestNG.java:1007)
	at org.gradle.api.internal.tasks.testing.testng.TestNGTestClassProcessor.runTests(TestNGTestClassProcessor.java:141)
	at org.gradle.api.internal.tasks.testing.testng.TestNGTestClassProcessor.stop(TestNGTestClassProcessor.java:90)
	at org.gradle.api.internal.tasks.testing.SuiteTestClassProcessor.stop(SuiteTestClassProcessor.java:61)
	at sun.reflect.NativeMethodAccessorImpl.invoke0(Native Method)
	at sun.reflect.NativeMethodAccessorImpl.invoke(NativeMethodAccessorImpl.java:62)
	at sun.reflect.DelegatingMethodAccessorImpl.invoke(DelegatingMethodAccessorImpl.java:43)
	at java.lang.reflect.Method.invoke(Method.java:498)
	at org.gradle.internal.dispatch.ReflectionDispatch.dispatch(ReflectionDispatch.java:36)
	at org.gradle.internal.dispatch.ReflectionDispatch.dispatch(ReflectionDispatch.java:24)
	at org.gradle.internal.dispatch.ContextClassLoaderDispatch.dispatch(ContextClassLoaderDispatch.java:33)
	at org.gradle.internal.dispatch.ProxyDispatchAdapter$DispatchingInvocationHandler.invoke(ProxyDispatchAdapter.java:94)
	at com.sun.proxy.$Proxy2.stop(Unknown Source)
	at org.gradle.api.internal.tasks.testing.worker.TestWorker.stop(TestWorker.java:133)
	at sun.reflect.NativeMethodAccessorImpl.invoke0(Native Method)
	at sun.reflect.NativeMethodAccessorImpl.invoke(NativeMethodAccessorImpl.java:62)
	at sun.reflect.DelegatingMethodAccessorImpl.invoke(DelegatingMethodAccessorImpl.java:43)
	at java.lang.reflect.Method.invoke(Method.java:498)
	at org.gradle.internal.dispatch.ReflectionDispatch.dispatch(ReflectionDispatch.java:36)
	at org.gradle.internal.dispatch.ReflectionDispatch.dispatch(ReflectionDispatch.java:24)
	at org.gradle.internal.remote.internal.hub.MessageHubBackedObjectConnection$DispatchWrapper.dispatch(MessageHubBackedObjectConnection.java:182)
	at org.gradle.internal.remote.internal.hub.MessageHubBackedObjectConnection$DispatchWrapper.dispatch(MessageHubBackedObjectConnection.java:164)
	at org.gradle.internal.remote.internal.hub.MessageHub$Handler.run(MessageHub.java:414)
	at org.gradle.internal.concurrent.ExecutorPolicy$CatchAndRecordFailures.onExecute(ExecutorPolicy.java:64)
	at org.gradle.internal.concurrent.ManagedExecutorImpl$1.run(ManagedExecutorImpl.java:48)
	at java.util.concurrent.ThreadPoolExecutor.runWorker(ThreadPoolExecutor.java:1149)
	at java.util.concurrent.ThreadPoolExecutor$Worker.run(ThreadPoolExecutor.java:624)
	at org.gradle.internal.concurrent.ThreadFactoryImpl$ManagedThreadRunnable.run(ThreadFactoryImpl.java:56)
	at java.lang.Thread.run(Thread.java:748)
</failure>
  </testcase>
  <system-out><![CDATA[]]></system-out>
  <system-err><![CDATA[]]></system-err>
</testsuite>
